Arguments: 
  C:\Program Files\nodejs\node.exe C:\Program Files (x86)\Yarn\bin\yarn.js add express

PATH: 
  C:\Users\Rahul Gupta\bin;C:\Program Files\Git\mingw64\bin;C:\Program Files\Git\usr\local\bin;C:\Program Files\Git\usr\bin;C:\Program Files\Git\usr\bin;C:\Program Files\Git\mingw64\bin;C:\Program Files\Git\usr\bin;C:\Users\Rahul Gupta\bin;C:\Python310\Scripts;C:\Python310;C:\Users\Rahul Gupta\anaconda3\Scripts;C:\Users\Rahul Gupta\anaconda3;C:\Program Files\Java\jdk-14\bin;C:\TDM-GCC-64\bin;C:\Program Files (x86)\Intel\Intel(R) Management Engine Components\iCLS;C:\Program Files\Intel\Intel(R) Management Engine Components\iCLS;C:\Windows\system32;C:\Windows;C:\Windows\System32\Wbem;C:\Windows\System32\WindowsPowerShell\v1.0;C:\Windows\System32\OpenSSH;C:\Program Files (x86)\Intel\Intel(R) Management Engine Components\DAL;C:\Program Files\Intel\Intel(R) Management Engine Components\DAL;C:\Program Files\Intel\WiFi\bin;C:\Program Files\Common Files\Intel\WirelessCommon;C:\Program Files (x86)\NVIDIA Corporation\PhysX\Common;C:\ProgramData\chocolatey\bin;C:\Program Files (x86)\Brackets\command;C:\Program Files\dotnet;C:\Users\Rahul Gupta\AppData\Local\Programs\Python\Python38;C:\Users\Rahul Gupta\AppData\Local\Programs\Python\Python38\Scripts;C:\Program Files (x86)\Yarn\bin;C:\WINDOWS\system32;C:\WINDOWS;C:\WINDOWS\System32\Wbem;C:\WINDOWS\System32\WindowsPowerShell\v1.0;C:\WINDOWS\System32\OpenSSH;C:\sqlite;C:\Program Files\Go\bin;C:\Program Files\Git\cmd;C:\Program Files\nodejs;C:\Users\Rahul Gupta\AppData\Local\emsdk;C:\Users\Rahul Gupta\AppData\Local\emsdk\node\14.15.5_64bit\bin;C:\Users\Rahul Gupta\AppData\Local\emsdk\upstream\emscripten;C:\Users\Rahul Gupta\AppData\Local\Programs\Microsoft VS Code\bin;C:\Users\Rahul Gupta\AppData\Roaming\npm;C:\Program Files\heroku\bin;C:\Program Files\Git\usr\bin\vendor_perl;C:\Program Files\Git\usr\bin\core_perl

Yarn version: 
  1.22.4

Node version: 
  16.13.1

Platform: 
  win32 x64

Trace: 
  Error: getaddrinfo ENOTFOUND registry.yarnpkg.com
      at GetAddrInfoReqWrap.onlookup [as oncomplete] (node:dns:71:26)

npm manifest: 
  {
    "name": "swagger-ui-practice",
    "version": "1.0.0",
    "main": "index.js",
    "license": "MIT"
  }

yarn manifest: 
  No manifest

Lockfile: 
  No lockfile
